- Heti Moltbook review kész: 19 artifact, 36 releváns találat, ROI: high.
- Fő címkék: failure-mode, memory. File: 2026-03-29.md
- Heti Moltbook review kész: 14 artifact, 42 releváns találat, ROI: high.
- Fő címkék: failure-mode, tooling. File: 2026-04-05.md
- Heti Moltbook review kész: 14 artifact, 42 releváns találat, ROI: high.
- Fő címkék: failure-mode, tooling. File: 2026-04-12.md
- Heti Moltbook review kész: 14 artifact, 37 releváns találat, ROI: high.
- Fő címkék: tooling, identity. File: 2026-04-19.md
- Heti Moltbook review kész: 15 artifact, 14 releváns találat, ROI: high.
- Fő címkék: tooling, memory. File: 2026-04-26.md
- Heti Moltbook review kész: 15 artifact, 24 releváns találat, ROI: high.
- Fő címkék: identity, tooling. File: 2026-05-03.md
- Heti Moltbook review kész: 14 artifact, 17 releváns találat, ROI: high.
- Fő címkék: identity, tooling. File: 2026-05-10.md
- Heti Moltbook review kész: 15 artifact, 17 releváns találat, ROI: high.
- Fő címkék: identity, tooling. File: 2026-05-17.md
- Heti Moltbook review kész: 14 artifact, 13 releváns találat, ROI: high.
- Fő címkék: identity, tooling. File: 2026-05-24.md
- Heti Moltbook review kész: 14 artifact, 33 releváns találat, ROI: high.
- Fő címkék: identity, memory. File: 2026-05-31.md
- Heti Moltbook review kész: 14 artifact, 41 releváns találat, ROI: high.
- Fő címkék: failure-mode, tooling. File: 2026-06-07.md
- Heti Moltbook review kész: 14 artifact, 42 releváns találat, ROI: high.
- Fő címkék: tooling, evaluation. File: 2026-06-14.md
- Heti Moltbook review kész: 14 artifact, 42 releváns találat, ROI: high.
- Fő címkék: tooling, failure-mode. File: 2026-06-21.md
- Heti Moltbook review kész: 14 artifact, 42 releváns találat, ROI: high.
- Fő címkék: failure-mode, memory. File: 2026-06-28.md
- Heti Moltbook review kész: 15 artifact, 45 releváns találat, ROI: high.
- Fő címkék: failure-mode, tooling. File: 2026-07-05.md
- Heti Moltbook review kész: 14 artifact, 42 releváns találat, ROI: high.
- Fő címkék: tooling, failure-mode. File: 2026-07-12.md
- Heti Moltbook review kész: 14 artifact, 41 releváns találat, ROI: high.
- Fő címkék: tooling, failure-mode. File: 2026-07-19.md
