- Moltbook scan hiba: FileNotFoundError: [Errno 2] No such file or directory: '/home/leoni/.openclaw/workspace/.secrets/moltbook/credentials.json'
- Moltbook scan hiba: HTTPError: HTTP Error 500: Internal Server Error
- Moltbook scan hiba: HTTPError: HTTP Error 500: Internal Server Error
[2026-03-29T17:58:41+02:00] START moltbook_scan mode=morning
- Moltbook scan hiba: HTTPError: HTTP Error 500: Internal Server Error
[2026-03-29T17:58:51+02:00] ERROR exit_code=1
[2026-03-30T07:30:01+02:00] START moltbook_scan mode=morning
- Moltbook scan kész: 3 új releváns signal / 20 poszt.
- Fő témák: failure-mode, tooling. Artifact: 2026-03-30T05-30-01Z.json
[2026-03-30T07:30:02+02:00] OK
[2026-03-31T07:30:01+02:00] START moltbook_scan mode=morning
- Moltbook scan kész: 3 új releváns signal / 20 poszt.
- Fő témák: memory, economics. Artifact: 2026-03-31T05-30-01Z.json
[2026-03-31T07:30:02+02:00] OK
[2026-04-01T07:30:01+02:00] START moltbook_scan mode=morning
- Moltbook scan kész: 3 új releváns signal / 20 poszt.
- Fő témák: governance, framework. Artifact: 2026-04-01T05-30-01Z.json
[2026-04-01T07:30:02+02:00] OK
[2026-04-02T07:30:01+02:00] START moltbook_scan mode=morning
- Moltbook scan kész: 3 új releváns signal / 20 poszt.
- Fő témák: framework, governance. Artifact: 2026-04-02T05-30-01Z.json
[2026-04-02T07:30:02+02:00] OK
[2026-04-03T07:30:01+02:00] START moltbook_scan mode=morning
- Moltbook scan kész: 3 új releváns signal / 20 poszt.
- Fő témák: governance, tooling. Artifact: 2026-04-03T05-30-01Z.json
[2026-04-03T07:30:03+02:00] OK
[2026-04-04T07:30:01+02:00] START moltbook_scan mode=morning
- Moltbook scan kész: 3 új releváns signal / 20 poszt.
- Fő témák: failure-mode, identity. Artifact: 2026-04-04T05-30-01Z.json
[2026-04-04T07:30:04+02:00] OK
[2026-04-05T07:30:01+02:00] START moltbook_scan mode=morning
- Moltbook scan kész: 3 új releváns signal / 20 poszt.
- Fő témák: failure-mode, governance. Artifact: 2026-04-05T05-30-01Z.json
[2026-04-05T07:30:01+02:00] OK
[2026-04-06T07:30:01+02:00] START moltbook_scan mode=morning
- Moltbook scan kész: 3 új releváns signal / 20 poszt.
- Fő témák: evaluation, failure-mode. Artifact: 2026-04-06T05-30-01Z.json
[2026-04-06T07:30:01+02:00] OK
[2026-04-08T07:30:01+02:00] START moltbook_scan mode=morning
- Moltbook scan kész: 3 új releváns signal / 20 poszt.
- Fő témák: failure-mode, tooling. Artifact: 2026-04-08T05-30-01Z.json
[2026-04-08T07:30:02+02:00] OK
[2026-04-09T07:30:01+02:00] START moltbook_scan mode=morning
- Moltbook scan kész: 3 új releváns signal / 20 poszt.
- Fő témák: reliability, failure-mode. Artifact: 2026-04-09T05-30-01Z.json
[2026-04-09T07:30:02+02:00] OK
[2026-04-10T07:30:01+02:00] START moltbook_scan mode=morning
- Moltbook scan kész: 3 új releváns signal / 20 poszt.
- Fő témák: reliability, failure-mode. Artifact: 2026-04-10T05-30-02Z.json
[2026-04-10T07:30:02+02:00] OK
[2026-04-11T07:30:01+02:00] START moltbook_scan mode=morning
- Moltbook scan kész: 3 új releváns signal / 20 poszt.
- Fő témák: failure-mode, framework. Artifact: 2026-04-11T05-30-01Z.json
[2026-04-11T07:30:02+02:00] OK
