- Moltbook scan hiba: HTTPError: HTTP Error 500: Internal Server Error
- Moltbook scan kész: 3 új releváns signal / 20 poszt.
- Fő témák: failure-mode, economics. Artifact: 2026-03-27T16-30-01Z.json
- Moltbook scan hiba: HTTPError: HTTP Error 500: Internal Server Error
- Moltbook scan kész: 3 új releváns signal / 20 poszt.
- Fő témák: failure-mode, tooling. Artifact: 2026-03-29T15-30-01Z.json
[2026-03-30T17:30:01+02:00] START moltbook_scan mode=evening
- Moltbook scan kész: 3 új releváns signal / 20 poszt.
- Fő témák: failure-mode, economics. Artifact: 2026-03-30T15-30-01Z.json
[2026-03-30T17:30:03+02:00] OK
[2026-03-31T17:30:01+02:00] START moltbook_scan mode=evening
- Moltbook scan kész: 3 új releváns signal / 20 poszt.
- Fő témák: framework, failure-mode. Artifact: 2026-03-31T15-30-01Z.json
[2026-03-31T17:30:14+02:00] OK
[2026-04-01T17:30:01+02:00] START moltbook_scan mode=evening
- Moltbook scan kész: 3 új releváns signal / 20 poszt.
- Fő témák: failure-mode, framework. Artifact: 2026-04-01T15-30-02Z.json
[2026-04-01T17:30:03+02:00] OK
[2026-04-02T17:30:01+02:00] START moltbook_scan mode=evening
- Moltbook scan kész: 3 új releváns signal / 20 poszt.
- Fő témák: failure-mode, framework. Artifact: 2026-04-02T15-30-01Z.json
[2026-04-02T17:30:02+02:00] OK
[2026-04-03T17:30:01+02:00] START moltbook_scan mode=evening
- Moltbook scan kész: 3 új releváns signal / 20 poszt.
- Fő témák: tooling, economics. Artifact: 2026-04-03T15-30-01Z.json
[2026-04-03T17:30:02+02:00] OK
[2026-04-04T17:30:01+02:00] START moltbook_scan mode=evening
- Moltbook scan kész: 3 új releváns signal / 20 poszt.
- Fő témák: failure-mode, reliability. Artifact: 2026-04-04T15-30-02Z.json
[2026-04-04T17:30:02+02:00] OK
[2026-04-05T17:30:01+02:00] START moltbook_scan mode=evening
- Moltbook scan kész: 3 új releváns signal / 20 poszt.
- Fő témák: failure-mode, identity. Artifact: 2026-04-05T15-30-01Z.json
[2026-04-05T17:30:02+02:00] OK
[2026-04-06T17:30:01+02:00] START moltbook_scan mode=evening
- Moltbook scan kész: 3 új releváns signal / 20 poszt.
- Fő témák: failure-mode, tooling. Artifact: 2026-04-06T15-30-01Z.json
[2026-04-06T17:30:02+02:00] OK
[2026-04-07T17:30:01+02:00] START moltbook_scan mode=evening
- Moltbook scan kész: 3 új releváns signal / 20 poszt.
- Fő témák: failure-mode, memory. Artifact: 2026-04-07T15-30-01Z.json
[2026-04-07T17:30:02+02:00] OK
[2026-04-08T17:30:01+02:00] START moltbook_scan mode=evening
- Moltbook scan kész: 3 új releváns signal / 20 poszt.
- Fő témák: failure-mode, tooling. Artifact: 2026-04-08T15-30-01Z.json
[2026-04-08T17:30:03+02:00] OK
[2026-04-09T17:30:01+02:00] START moltbook_scan mode=evening
- Moltbook scan kész: 3 új releváns signal / 20 poszt.
- Fő témák: failure-mode, framework. Artifact: 2026-04-09T15-30-01Z.json
[2026-04-09T17:30:02+02:00] OK
[2026-04-10T17:30:01+02:00] START moltbook_scan mode=evening
- Moltbook scan kész: 3 új releváns signal / 20 poszt.
- Fő témák: failure-mode, tooling. Artifact: 2026-04-10T15-30-01Z.json
[2026-04-10T17:30:04+02:00] OK
[2026-04-11T17:30:01+02:00] START moltbook_scan mode=evening
- Moltbook scan kész: 3 új releváns signal / 20 poszt.
- Fő témák: governance, economics. Artifact: 2026-04-11T15-30-01Z.json
[2026-04-11T17:30:02+02:00] OK
[2026-04-12T17:30:01+02:00] START moltbook_scan mode=evening
- Moltbook scan kész: 3 új releváns signal / 20 poszt.
- Fő témák: failure-mode, framework. Artifact: 2026-04-12T15-30-01Z.json
[2026-04-12T17:30:02+02:00] OK
[2026-04-13T17:30:01+02:00] START moltbook_scan mode=evening
- Moltbook scan kész: 3 új releváns signal / 20 poszt.
- Fő témák: identity, failure-mode. Artifact: 2026-04-13T15-30-01Z.json
[2026-04-13T17:30:02+02:00] OK
[2026-04-14T17:30:01+02:00] START moltbook_scan mode=evening
- Moltbook scan kész: 3 új releváns signal / 20 poszt.
- Fő témák: identity, tooling. Artifact: 2026-04-14T15-30-01Z.json
[2026-04-14T17:30:03+02:00] OK
[2026-04-15T17:30:01+02:00] START moltbook_scan mode=evening
- Moltbook scan kész: 3 új releváns signal / 20 poszt.
- Fő témák: tooling, identity. Artifact: 2026-04-15T15-30-02Z.json
[2026-04-15T17:30:02+02:00] OK
[2026-04-16T17:30:01+02:00] START moltbook_scan mode=evening
- Moltbook scan kész: 3 új releváns signal / 20 poszt.
- Fő témák: framework, identity. Artifact: 2026-04-16T15-30-01Z.json
[2026-04-16T17:30:02+02:00] OK
[2026-04-17T17:30:01+02:00] START moltbook_scan mode=evening
- Moltbook scan kész: 3 új releváns signal / 20 poszt.
- Fő témák: failure-mode, reliability. Artifact: 2026-04-17T15-30-01Z.json
[2026-04-17T17:30:02+02:00] OK
[2026-04-18T17:30:01+02:00] START moltbook_scan mode=evening
[2026-04-18T17:30:01+02:00] START moltbook_scan mode=evening
- Moltbook scan kész: 3 új releváns signal / 20 poszt.
- Fő témák: failure-mode, memory. Artifact: 2026-04-18T15-30-01Z.json
[2026-04-18T17:30:02+02:00] OK
- Moltbook scan kész: 3 új releváns signal / 20 poszt.
- Fő témák: tooling, memory. Artifact: 2026-04-18T15-30-01Z.json
[2026-04-18T17:30:03+02:00] OK
[2026-04-19T17:30:01+02:00] START moltbook_scan mode=evening
[2026-04-19T17:30:01+02:00] START moltbook_scan mode=evening
- Moltbook scan kész: 3 új releváns signal / 20 poszt.
- Fő témák: framework, identity. Artifact: 2026-04-19T15-30-02Z.json
[2026-04-19T17:30:02+02:00] OK
- Moltbook scan kész: 1 új releváns signal / 20 poszt.
- Fő témák: economics, failure-mode. Artifact: 2026-04-19T15-30-02Z.json
[2026-04-19T17:30:03+02:00] OK
[2026-04-20T17:30:01+02:00] START moltbook_scan mode=evening
[2026-04-20T17:30:01+02:00] START moltbook_scan mode=evening
- Moltbook scan kész: 3 új releváns signal / 20 poszt.
- Fő témák: reliability, tooling. Artifact: 2026-04-20T15-30-01Z.json
[2026-04-20T17:30:02+02:00] OK
- Moltbook scan kész: 2 új releváns signal / 20 poszt.
- Fő témák: memory, tooling. Artifact: 2026-04-20T15-30-01Z.json
[2026-04-20T17:30:02+02:00] OK
[2026-04-21T17:30:01+02:00] START moltbook_scan mode=evening
[2026-04-21T17:30:01+02:00] START moltbook_scan mode=evening
- Moltbook scan kész: 3 új releváns signal / 20 poszt.
- Fő témák: failure-mode, identity. Artifact: 2026-04-21T15-30-01Z.json
[2026-04-21T17:30:03+02:00] OK
- Moltbook scan kész: 1 új releváns signal / 20 poszt.
- Fő témák: failure-mode, identity. Artifact: 2026-04-21T15-30-01Z.json
[2026-04-21T17:30:03+02:00] OK
[2026-04-22T17:30:01+02:00] START moltbook_scan mode=evening
[2026-04-22T17:30:01+02:00] START moltbook_scan mode=evening
- Moltbook scan kész: 3 új releváns signal / 20 poszt.
- Fő témák: failure-mode, tooling. Artifact: 2026-04-22T15-30-01Z.json
- Moltbook scan kész: 1 új releváns signal / 20 poszt.
- Fő témák: failure-mode, governance. Artifact: 2026-04-22T15-30-01Z.json
[2026-04-22T17:30:02+02:00] OK
[2026-04-22T17:30:02+02:00] OK
[2026-04-23T17:30:01+02:00] START moltbook_scan mode=evening
[2026-04-23T17:30:01+02:00] START moltbook_scan mode=evening
- Moltbook scan kész: 3 új releváns signal / 20 poszt.
- Fő témák: memory, tooling. Artifact: 2026-04-23T15-30-02Z.json
[2026-04-23T17:30:02+02:00] OK
- Moltbook scan kész: 1 új releváns signal / 20 poszt.
- Fő témák: memory, reliability. Artifact: 2026-04-23T15-30-01Z.json
[2026-04-23T17:30:03+02:00] OK
[2026-04-24T17:30:01+02:00] START moltbook_scan mode=evening
[2026-04-24T17:30:01+02:00] START moltbook_scan mode=evening
- Moltbook scan kész: 2 új releváns signal / 20 poszt.
- Fő témák: failure-mode, framework. Artifact: 2026-04-24T15-30-02Z.json
[2026-04-24T17:30:03+02:00] OK
- Moltbook scan kész: nincs új releváns signal. Artifact: 2026-04-24T15-30-02Z.json
[2026-04-24T17:30:03+02:00] OK
[2026-04-25T17:30:01+02:00] START moltbook_scan mode=evening
[2026-04-25T17:30:01+02:00] START moltbook_scan mode=evening
- Moltbook scan kész: 2 új releváns signal / 20 poszt.
- Fő témák: evaluation, failure-mode. Artifact: 2026-04-25T15-30-01Z.json
[2026-04-25T17:30:02+02:00] OK
- Moltbook scan kész: nincs új releváns signal. Artifact: 2026-04-25T15-30-01Z.json
[2026-04-25T17:30:02+02:00] OK
[2026-04-26T17:30:01+02:00] START moltbook_scan mode=evening
[2026-04-26T17:30:01+02:00] START moltbook_scan mode=evening
- Moltbook scan kész: 2 új releváns signal / 20 poszt.
- Fő témák: economics, identity. Artifact: 2026-04-26T15-30-01Z.json
[2026-04-26T17:30:02+02:00] OK
- Moltbook scan kész: nincs új releváns signal. Artifact: 2026-04-26T15-30-01Z.json
[2026-04-26T17:30:02+02:00] OK
[2026-04-27T17:30:01+02:00] START moltbook_scan mode=evening
[2026-04-27T17:30:01+02:00] START moltbook_scan mode=evening
- Moltbook scan kész: 3 új releváns signal / 20 poszt.
- Fő témák: identity, failure-mode. Artifact: 2026-04-27T15-30-01Z.json
[2026-04-27T17:30:01+02:00] OK
- Moltbook scan kész: nincs új releváns signal. Artifact: 2026-04-27T15-30-01Z.json
[2026-04-27T17:30:02+02:00] OK
[2026-04-28T17:30:01+02:00] START moltbook_scan mode=evening
[2026-04-28T17:30:01+02:00] START moltbook_scan mode=evening
- Moltbook scan kész: 3 új releváns signal / 20 poszt.
- Fő témák: framework, governance. Artifact: 2026-04-28T15-30-01Z.json
[2026-04-28T17:30:02+02:00] OK
- Moltbook scan kész: nincs új releváns signal. Artifact: 2026-04-28T15-30-01Z.json
[2026-04-28T17:30:02+02:00] OK
[2026-04-29T17:30:01+02:00] START moltbook_scan mode=evening
[2026-04-29T17:30:01+02:00] START moltbook_scan mode=evening
- Moltbook scan kész: 3 új releváns signal / 20 poszt.
- Fő témák: memory, economics. Artifact: 2026-04-29T15-30-01Z.json
[2026-04-29T17:30:02+02:00] OK
- Moltbook scan kész: nincs új releváns signal. Artifact: 2026-04-29T15-30-01Z.json
[2026-04-29T17:30:02+02:00] OK
[2026-04-30T17:30:01+02:00] START moltbook_scan mode=evening
[2026-04-30T17:30:01+02:00] START moltbook_scan mode=evening
- Moltbook scan kész: 3 új releváns signal / 20 poszt.
- Fő témák: economics, failure-mode. Artifact: 2026-04-30T15-30-01Z.json
[2026-04-30T17:30:03+02:00] OK
- Moltbook scan kész: 2 új releváns signal / 20 poszt.
- Fő témák: identity, deployment. Artifact: 2026-04-30T15-30-01Z.json
[2026-04-30T17:30:03+02:00] OK
[2026-05-01T17:30:01+02:00] START moltbook_scan mode=evening
[2026-05-01T17:30:01+02:00] START moltbook_scan mode=evening
- Moltbook scan kész: 3 új releváns signal / 20 poszt.
- Fő témák: failure-mode, memory. Artifact: 2026-05-01T15-30-01Z.json
[2026-05-01T17:30:02+02:00] OK
- Moltbook scan kész: 3 új releváns signal / 20 poszt.
- Fő témák: identity, tooling. Artifact: 2026-05-01T15-30-01Z.json
[2026-05-01T17:30:02+02:00] OK
[2026-05-02T17:30:01+02:00] START moltbook_scan mode=evening
[2026-05-02T17:30:01+02:00] START moltbook_scan mode=evening
- Moltbook scan kész: 3 új releváns signal / 20 poszt.
- Fő témák: identity, memory. Artifact: 2026-05-02T15-30-02Z.json
[2026-05-02T17:30:03+02:00] OK
- Moltbook scan kész: 3 új releváns signal / 20 poszt.
- Fő témák: identity, governance. Artifact: 2026-05-02T15-30-01Z.json
[2026-05-02T17:30:03+02:00] OK
[2026-05-03T17:30:01+02:00] START moltbook_scan mode=evening
[2026-05-03T17:30:01+02:00] START moltbook_scan mode=evening
- Moltbook scan kész: 3 új releváns signal / 20 poszt.
- Fő témák: failure-mode, identity. Artifact: 2026-05-03T15-30-01Z.json
- Moltbook scan kész: 3 új releváns signal / 20 poszt.
- Fő témák: failure-mode, identity. Artifact: 2026-05-03T15-30-01Z.json
[2026-05-03T17:30:02+02:00] OK
[2026-05-03T17:30:02+02:00] OK
[2026-05-04T17:30:01+02:00] START moltbook_scan mode=evening
[2026-05-04T17:30:01+02:00] START moltbook_scan mode=evening
- Moltbook scan kész: 3 új releváns signal / 20 poszt.
- Fő témák: identity, evaluation. Artifact: 2026-05-04T15-30-01Z.json
[2026-05-04T17:30:02+02:00] OK
- Moltbook scan kész: 1 új releváns signal / 20 poszt.
- Fő témák: identity, tooling. Artifact: 2026-05-04T15-30-01Z.json
[2026-05-04T17:30:03+02:00] OK
[2026-05-05T17:30:01+02:00] START moltbook_scan mode=evening
[2026-05-05T17:30:01+02:00] START moltbook_scan mode=evening
- Moltbook scan kész: 3 új releváns signal / 20 poszt.
- Fő témák: failure-mode, identity. Artifact: 2026-05-05T15-30-01Z.json
[2026-05-05T17:30:03+02:00] OK
- Moltbook scan kész: 3 új releváns signal / 20 poszt.
- Fő témák: tooling, evaluation. Artifact: 2026-05-05T15-30-01Z.json
[2026-05-05T17:30:03+02:00] OK
[2026-05-06T17:30:01+02:00] START moltbook_scan mode=evening
[2026-05-06T17:30:01+02:00] START moltbook_scan mode=evening
- Moltbook scan kész: 2 új releváns signal / 20 poszt.
- Fő témák: economics, evaluation. Artifact: 2026-05-06T15-30-02Z.json
[2026-05-06T17:30:03+02:00] OK
- Moltbook scan kész: nincs új releváns signal. Artifact: 2026-05-06T15-30-02Z.json
[2026-05-06T17:30:03+02:00] OK
[2026-05-07T17:30:01+02:00] START moltbook_scan mode=evening
[2026-05-07T17:30:01+02:00] START moltbook_scan mode=evening
- Moltbook scan kész: 3 új releváns signal / 20 poszt.
- Fő témák: failure-mode, tooling. Artifact: 2026-05-07T15-30-01Z.json
[2026-05-07T17:30:03+02:00] OK
- Moltbook scan kész: 3 új releváns signal / 20 poszt.
- Fő témák: economics, governance. Artifact: 2026-05-07T15-30-01Z.json
[2026-05-07T17:30:03+02:00] OK
[2026-05-08T17:30:01+02:00] START moltbook_scan mode=evening
[2026-05-08T17:30:01+02:00] START moltbook_scan mode=evening
- Moltbook scan kész: 2 új releváns signal / 20 poszt.
- Fő témák: identity, tooling. Artifact: 2026-05-08T15-30-02Z.json
[2026-05-08T17:30:02+02:00] OK
- Moltbook scan kész: nincs új releváns signal. Artifact: 2026-05-08T15-30-02Z.json
[2026-05-08T17:30:03+02:00] OK
[2026-05-09T17:30:01+02:00] START moltbook_scan mode=evening
[2026-05-09T17:30:01+02:00] START moltbook_scan mode=evening
- Moltbook scan kész: 2 új releváns signal / 20 poszt.
- Fő témák: identity, failure-mode. Artifact: 2026-05-09T15-30-01Z.json
[2026-05-09T17:30:02+02:00] OK
- Moltbook scan kész: nincs új releváns signal. Artifact: 2026-05-09T15-30-01Z.json
[2026-05-09T17:30:03+02:00] OK
[2026-05-10T17:30:01+02:00] START moltbook_scan mode=evening
[2026-05-10T17:30:01+02:00] START moltbook_scan mode=evening
- Moltbook scan hiba: HTTPError: HTTP Error 500: Internal Server Error
- Moltbook scan hiba: HTTPError: HTTP Error 500: Internal Server Error
[2026-05-10T17:30:12+02:00] ERROR exit_code=1
[2026-05-10T17:30:12+02:00] ERROR exit_code=1
[2026-05-11T17:30:01+02:00] START moltbook_scan mode=evening
[2026-05-11T17:30:01+02:00] START moltbook_scan mode=evening
- Moltbook scan hiba: HTTPError: HTTP Error 500: Internal Server Error
[2026-05-11T17:30:12+02:00] ERROR exit_code=1
- Moltbook scan hiba: HTTPError: HTTP Error 500: Internal Server Error
[2026-05-11T17:30:12+02:00] ERROR exit_code=1
[2026-05-12T17:30:01+02:00] START moltbook_scan mode=evening
[2026-05-12T17:30:01+02:00] START moltbook_scan mode=evening
- Moltbook scan kész: 3 új releváns signal / 20 poszt.
- Fő témák: identity, memory. Artifact: 2026-05-12T15-30-01Z.json
[2026-05-12T17:30:12+02:00] OK
- Moltbook scan hiba: HTTPError: HTTP Error 500: Internal Server Error
[2026-05-12T17:30:18+02:00] ERROR exit_code=1
[2026-05-13T17:30:01+02:00] START moltbook_scan mode=evening
[2026-05-13T17:30:01+02:00] START moltbook_scan mode=evening
- Moltbook scan kész: 3 új releváns signal / 20 poszt.
- Fő témák: framework, identity. Artifact: 2026-05-13T15-30-01Z.json
[2026-05-13T17:30:01+02:00] OK
- Moltbook scan kész: 1 új releváns signal / 20 poszt.
- Fő témák: economics, evaluation. Artifact: 2026-05-13T15-30-01Z.json
[2026-05-13T17:30:02+02:00] OK
[2026-05-14T17:30:01+02:00] START moltbook_scan mode=evening
[2026-05-14T17:30:01+02:00] START moltbook_scan mode=evening
- Moltbook scan hiba: HTTPError: HTTP Error 500: Internal Server Error
[2026-05-14T17:30:12+02:00] ERROR exit_code=1
- Moltbook scan hiba: HTTPError: HTTP Error 500: Internal Server Error
[2026-05-14T17:30:12+02:00] ERROR exit_code=1
[2026-05-15T17:30:01+02:00] START moltbook_scan mode=evening
[2026-05-15T17:30:01+02:00] START moltbook_scan mode=evening
- Moltbook scan hiba: HTTPError: HTTP Error 500: Internal Server Error
[2026-05-15T17:30:12+02:00] ERROR exit_code=1
- Moltbook scan hiba: HTTPError: HTTP Error 500: Internal Server Error
[2026-05-15T17:30:12+02:00] ERROR exit_code=1
[2026-05-16T17:30:01+02:00] START moltbook_scan mode=evening
[2026-05-16T17:30:01+02:00] START moltbook_scan mode=evening
- Moltbook scan kész: 3 új releváns signal / 20 poszt.
- Fő témák: failure-mode, identity. Artifact: 2026-05-16T15-30-01Z.json
[2026-05-16T17:30:03+02:00] OK
- Moltbook scan kész: 3 új releváns signal / 20 poszt.
- Fő témák: identity, reliability. Artifact: 2026-05-16T15-30-01Z.json
[2026-05-16T17:30:03+02:00] OK
[2026-05-17T17:30:01+02:00] START moltbook_scan mode=evening
[2026-05-17T17:30:01+02:00] START moltbook_scan mode=evening
- Moltbook scan kész: 3 új releváns signal / 20 poszt.
- Fő témák: reliability, tooling. Artifact: 2026-05-17T15-30-01Z.json
[2026-05-17T17:30:02+02:00] OK
- Moltbook scan kész: 3 új releváns signal / 20 poszt.
- Fő témák: identity, tooling. Artifact: 2026-05-17T15-30-01Z.json
[2026-05-17T17:30:02+02:00] OK
[2026-05-18T17:30:01+02:00] START moltbook_scan mode=evening
[2026-05-18T17:30:01+02:00] START moltbook_scan mode=evening
- Moltbook scan hiba: HTTPError: HTTP Error 500: Internal Server Error
[2026-05-18T17:30:11+02:00] ERROR exit_code=1
- Moltbook scan hiba: HTTPError: HTTP Error 500: Internal Server Error
[2026-05-18T17:30:21+02:00] ERROR exit_code=1
[2026-05-19T17:30:01+02:00] START moltbook_scan mode=evening
[2026-05-19T17:30:01+02:00] START moltbook_scan mode=evening
- Moltbook scan kész: 3 új releváns signal / 20 poszt.
- Fő témák: memory, failure-mode. Artifact: 2026-05-19T15-30-01Z.json
[2026-05-19T17:30:02+02:00] OK
- Moltbook scan kész: 1 új releváns signal / 20 poszt.
- Fő témák: identity, tooling. Artifact: 2026-05-19T15-30-01Z.json
[2026-05-19T17:30:02+02:00] OK
[2026-05-20T17:30:01+02:00] START moltbook_scan mode=evening
[2026-05-20T17:30:01+02:00] START moltbook_scan mode=evening
- Moltbook scan hiba: HTTPError: HTTP Error 500: Internal Server Error
[2026-05-20T17:30:21+02:00] ERROR exit_code=1
- Moltbook scan hiba: HTTPError: HTTP Error 500: Internal Server Error
[2026-05-20T17:30:22+02:00] ERROR exit_code=1
[2026-05-21T17:30:01+02:00] START moltbook_scan mode=evening
[2026-05-21T17:30:01+02:00] START moltbook_scan mode=evening
- Moltbook scan hiba: HTTPError: HTTP Error 500: Internal Server Error
[2026-05-21T17:30:12+02:00] ERROR exit_code=1
- Moltbook scan hiba: HTTPError: HTTP Error 500: Internal Server Error
[2026-05-21T17:30:28+02:00] ERROR exit_code=1
[2026-05-22T17:30:01+02:00] START moltbook_scan mode=evening
[2026-05-22T17:30:01+02:00] START moltbook_scan mode=evening
- Moltbook scan kész: 3 új releváns signal / 20 poszt.
- Fő témák: tooling, failure-mode. Artifact: 2026-05-22T15-30-01Z.json
[2026-05-22T17:30:03+02:00] OK
- Moltbook scan kész: 3 új releváns signal / 20 poszt.
- Fő témák: failure-mode, framework. Artifact: 2026-05-22T15-30-01Z.json
[2026-05-22T17:30:03+02:00] OK
[2026-05-23T17:30:01+02:00] START moltbook_scan mode=evening
[2026-05-23T17:30:01+02:00] START moltbook_scan mode=evening
- Moltbook scan kész: 3 új releváns signal / 20 poszt.
- Fő témák: failure-mode, identity. Artifact: 2026-05-23T15-30-01Z.json
[2026-05-23T17:30:04+02:00] OK
- Moltbook scan kész: 1 új releváns signal / 20 poszt.
- Fő témák: identity, tooling. Artifact: 2026-05-23T15-30-01Z.json
[2026-05-23T17:30:04+02:00] OK
[2026-05-24T17:30:01+02:00] START moltbook_scan mode=evening
[2026-05-24T17:30:01+02:00] START moltbook_scan mode=evening
- Moltbook scan kész: 2 új releváns signal / 20 poszt.
- Fő témák: identity, failure-mode. Artifact: 2026-05-24T15-30-01Z.json
[2026-05-24T17:30:02+02:00] OK
- Moltbook scan kész: nincs új releváns signal. Artifact: 2026-05-24T15-30-01Z.json
[2026-05-24T17:30:03+02:00] OK
[2026-05-25T17:30:01+02:00] START moltbook_scan mode=evening
[2026-05-25T17:30:01+02:00] START moltbook_scan mode=evening
- Moltbook scan kész: 3 új releváns signal / 20 poszt.
- Fő témák: identity, framework. Artifact: 2026-05-25T15-30-01Z.json
- Moltbook scan kész: 3 új releváns signal / 20 poszt.
- Fő témák: identity, framework. Artifact: 2026-05-25T15-30-01Z.json
[2026-05-25T17:30:02+02:00] OK
[2026-05-25T17:30:02+02:00] OK
[2026-05-26T17:30:01+02:00] START moltbook_scan mode=evening
[2026-05-26T17:30:01+02:00] START moltbook_scan mode=evening
- Moltbook scan kész: 3 új releváns signal / 20 poszt.
- Fő témák: evaluation, identity. Artifact: 2026-05-26T15-30-01Z.json
[2026-05-26T17:30:03+02:00] OK
- Moltbook scan kész: nincs új releváns signal. Artifact: 2026-05-26T15-30-01Z.json
[2026-05-26T17:30:03+02:00] OK
[2026-05-27T17:30:01+02:00] START moltbook_scan mode=evening
[2026-05-27T17:30:01+02:00] START moltbook_scan mode=evening
- Moltbook scan kész: 3 új releváns signal / 20 poszt.
- Fő témák: identity, tooling. Artifact: 2026-05-27T15-30-01Z.json
[2026-05-27T17:30:03+02:00] OK
- Moltbook scan kész: 3 új releváns signal / 20 poszt.
- Fő témák: identity, tooling. Artifact: 2026-05-27T15-30-01Z.json
[2026-05-27T17:30:03+02:00] OK
[2026-05-28T17:30:01+02:00] START moltbook_scan mode=evening
[2026-05-28T17:30:01+02:00] START moltbook_scan mode=evening
- Moltbook scan kész: 3 új releváns signal / 20 poszt.
- Fő témák: memory, deployment. Artifact: 2026-05-28T15-30-02Z.json
[2026-05-28T17:30:03+02:00] OK
- Moltbook scan kész: 1 új releváns signal / 20 poszt.
- Fő témák: identity, memory. Artifact: 2026-05-28T15-30-02Z.json
[2026-05-28T17:30:04+02:00] OK
[2026-05-29T17:30:01+02:00] START moltbook_scan mode=evening
[2026-05-29T17:30:01+02:00] START moltbook_scan mode=evening
- Moltbook scan kész: 3 új releváns signal / 20 poszt.
- Fő témák: evaluation, identity. Artifact: 2026-05-29T15-30-01Z.json
[2026-05-29T17:30:03+02:00] OK
- Moltbook scan kész: 3 új releváns signal / 20 poszt.
- Fő témák: memory, tooling. Artifact: 2026-05-29T15-30-01Z.json
[2026-05-29T17:30:03+02:00] OK
[2026-05-30T17:30:01+02:00] START moltbook_scan mode=evening
[2026-05-30T17:30:01+02:00] START moltbook_scan mode=evening
- Moltbook scan kész: 3 új releváns signal / 20 poszt.
- Fő témák: failure-mode, identity. Artifact: 2026-05-30T15-30-01Z.json
[2026-05-30T17:30:03+02:00] OK
- Moltbook scan kész: 3 új releváns signal / 20 poszt.
- Fő témák: identity, memory. Artifact: 2026-05-30T15-30-01Z.json
[2026-05-30T17:30:03+02:00] OK
[2026-05-31T17:30:01+02:00] START moltbook_scan mode=evening
[2026-05-31T17:30:01+02:00] START moltbook_scan mode=evening
- Moltbook scan kész: 3 új releváns signal / 20 poszt.
- Fő témák: tooling, economics. Artifact: 2026-05-31T15-30-01Z.json
[2026-05-31T17:30:03+02:00] OK
- Moltbook scan kész: 3 új releváns signal / 20 poszt.
- Fő témák: memory, identity. Artifact: 2026-05-31T15-30-01Z.json
[2026-05-31T17:30:03+02:00] OK
[2026-06-01T17:30:01+02:00] START moltbook_scan mode=evening
[2026-06-01T17:30:01+02:00] START moltbook_scan mode=evening
- Moltbook scan kész: 3 új releváns signal / 20 poszt.
- Fő témák: failure-mode, tooling. Artifact: 2026-06-01T15-30-01Z.json
- Moltbook scan kész: 3 új releváns signal / 20 poszt.
- Fő témák: failure-mode, tooling. Artifact: 2026-06-01T15-30-01Z.json
[2026-06-01T17:30:03+02:00] OK
[2026-06-01T17:30:03+02:00] OK
[2026-06-02T17:30:01+02:00] START moltbook_scan mode=evening
[2026-06-02T17:30:01+02:00] START moltbook_scan mode=evening
- Moltbook scan kész: 3 új releváns signal / 20 poszt.
- Fő témák: evaluation, failure-mode. Artifact: 2026-06-02T15-30-01Z.json
[2026-06-02T17:30:03+02:00] OK
- Moltbook scan kész: 2 új releváns signal / 20 poszt.
- Fő témák: economics, failure-mode. Artifact: 2026-06-02T15-30-01Z.json
[2026-06-02T17:30:03+02:00] OK
[2026-06-03T17:30:01+02:00] START moltbook_scan mode=evening
[2026-06-03T17:30:01+02:00] START moltbook_scan mode=evening
- Moltbook scan kész: 3 új releváns signal / 20 poszt.
- Fő témák: tooling, failure-mode. Artifact: 2026-06-03T15-30-01Z.json
[2026-06-03T17:30:03+02:00] OK
- Moltbook scan kész: 3 új releváns signal / 20 poszt.
- Fő témák: failure-mode, identity. Artifact: 2026-06-03T15-30-01Z.json
[2026-06-03T17:30:04+02:00] OK
[2026-06-04T17:30:01+02:00] START moltbook_scan mode=evening
[2026-06-04T17:30:01+02:00] START moltbook_scan mode=evening
- Moltbook scan kész: 3 új releváns signal / 20 poszt.
- Fő témák: failure-mode, memory. Artifact: 2026-06-04T15-30-01Z.json
[2026-06-04T17:30:04+02:00] OK
- Moltbook scan kész: 3 új releváns signal / 20 poszt.
- Fő témák: evaluation, failure-mode. Artifact: 2026-06-04T15-30-01Z.json
[2026-06-04T17:30:05+02:00] OK
[2026-06-05T17:30:01+02:00] START moltbook_scan mode=evening
[2026-06-05T17:30:01+02:00] START moltbook_scan mode=evening
- Moltbook scan kész: 3 új releváns signal / 20 poszt.
- Fő témák: failure-mode, framework. Artifact: 2026-06-05T15-30-01Z.json
[2026-06-05T17:30:03+02:00] OK
- Moltbook scan kész: 3 új releváns signal / 20 poszt.
- Fő témák: failure-mode, identity. Artifact: 2026-06-05T15-30-01Z.json
[2026-06-05T17:30:04+02:00] OK
[2026-06-06T17:30:01+02:00] START moltbook_scan mode=evening
[2026-06-06T17:30:01+02:00] START moltbook_scan mode=evening
- Moltbook scan kész: 3 új releváns signal / 20 poszt.
- Fő témák: failure-mode, framework. Artifact: 2026-06-06T15-30-01Z.json
[2026-06-06T17:30:02+02:00] OK
- Moltbook scan kész: 3 új releváns signal / 20 poszt.
- Fő témák: evaluation, failure-mode. Artifact: 2026-06-06T15-30-01Z.json
[2026-06-06T17:30:03+02:00] OK
[2026-06-07T17:30:01+02:00] START moltbook_scan mode=evening
[2026-06-07T17:30:01+02:00] START moltbook_scan mode=evening
- Moltbook scan kész: 3 új releváns signal / 20 poszt.
- Fő témák: evaluation, failure-mode. Artifact: 2026-06-07T15-30-01Z.json
- Moltbook scan kész: 3 új releváns signal / 20 poszt.
- Fő témák: evaluation, failure-mode. Artifact: 2026-06-07T15-30-01Z.json
[2026-06-07T17:30:02+02:00] OK
[2026-06-07T17:30:02+02:00] OK
[2026-06-08T17:30:01+02:00] START moltbook_scan mode=evening
[2026-06-08T17:30:01+02:00] START moltbook_scan mode=evening
- Moltbook scan kész: 3 új releváns signal / 20 poszt.
- Fő témák: reliability, failure-mode. Artifact: 2026-06-08T15-30-01Z.json
[2026-06-08T17:30:02+02:00] OK
- Moltbook scan kész: 3 új releváns signal / 20 poszt.
- Fő témák: evaluation, framework. Artifact: 2026-06-08T15-30-01Z.json
[2026-06-08T17:30:02+02:00] OK
[2026-06-09T17:30:01+02:00] START moltbook_scan mode=evening
[2026-06-09T17:30:01+02:00] START moltbook_scan mode=evening
- Moltbook scan kész: 3 új releváns signal / 20 poszt.
- Fő témák: memory, tooling. Artifact: 2026-06-09T15-30-01Z.json
[2026-06-09T17:30:03+02:00] OK
- Moltbook scan kész: 3 új releváns signal / 20 poszt.
- Fő témák: failure-mode, framework. Artifact: 2026-06-09T15-30-01Z.json
[2026-06-09T17:30:03+02:00] OK
[2026-06-10T17:30:01+02:00] START moltbook_scan mode=evening
[2026-06-10T17:30:01+02:00] START moltbook_scan mode=evening
- Moltbook scan kész: 3 új releváns signal / 20 poszt.
- Fő témák: failure-mode, memory. Artifact: 2026-06-10T15-30-01Z.json
[2026-06-10T17:30:03+02:00] OK
- Moltbook scan kész: 3 új releváns signal / 20 poszt.
- Fő témák: tooling, evaluation. Artifact: 2026-06-10T15-30-01Z.json
[2026-06-10T17:30:03+02:00] OK
[2026-06-11T17:30:01+02:00] START moltbook_scan mode=evening
[2026-06-11T17:30:01+02:00] START moltbook_scan mode=evening
- Moltbook scan kész: 3 új releváns signal / 20 poszt.
- Fő témák: failure-mode, memory. Artifact: 2026-06-11T15-30-01Z.json
[2026-06-11T17:30:03+02:00] OK
- Moltbook scan kész: 3 új releváns signal / 20 poszt.
- Fő témák: tooling, identity. Artifact: 2026-06-11T15-30-01Z.json
[2026-06-11T17:30:04+02:00] OK
[2026-06-12T17:30:01+02:00] START moltbook_scan mode=evening
[2026-06-12T17:30:01+02:00] START moltbook_scan mode=evening
- Moltbook scan kész: 3 új releváns signal / 20 poszt.
- Fő témák: failure-mode, governance. Artifact: 2026-06-12T15-30-01Z.json
[2026-06-12T17:30:03+02:00] OK
- Moltbook scan kész: 3 új releváns signal / 20 poszt.
- Fő témák: tooling, governance. Artifact: 2026-06-12T15-30-01Z.json
[2026-06-12T17:30:03+02:00] OK
[2026-06-13T17:30:01+02:00] START moltbook_scan mode=evening
[2026-06-13T17:30:01+02:00] START moltbook_scan mode=evening
- Moltbook scan kész: 3 új releváns signal / 20 poszt.
- Fő témák: tooling, reliability. Artifact: 2026-06-13T15-30-01Z.json
[2026-06-13T17:30:03+02:00] OK
- Moltbook scan kész: 3 új releváns signal / 20 poszt.
- Fő témák: evaluation, failure-mode. Artifact: 2026-06-13T15-30-01Z.json
[2026-06-13T17:30:04+02:00] OK
[2026-06-14T17:30:01+02:00] START moltbook_scan mode=evening
[2026-06-14T17:30:01+02:00] START moltbook_scan mode=evening
- Moltbook scan kész: 3 új releváns signal / 20 poszt.
- Fő témák: failure-mode, evaluation. Artifact: 2026-06-14T15-30-01Z.json
[2026-06-14T17:30:02+02:00] OK
- Moltbook scan kész: 3 új releváns signal / 20 poszt.
- Fő témák: failure-mode, memory. Artifact: 2026-06-14T15-30-01Z.json
[2026-06-14T17:30:03+02:00] OK
