[2026-03-26T21:00:01+01:00] START workspace_backup
[2026-03-26T21:00:01+01:00] Local workspace changes detected; committing + pushing
[2026-03-26T21:00:03+01:00] PUSHED: Daily auto-sync 2026-03-26
[2026-03-26T21:00:03+01:00] DONE
[2026-03-26T21:35:36+01:00] START workspace_backup
[2026-03-26T21:35:36+01:00] Local workspace changes detected; committing + pushing
[2026-03-26T21:35:37+01:00] PUSHED: Daily auto-sync 2026-03-26
[2026-03-26T21:35:37+01:00] DONE
[2026-03-27T21:00:01+01:00] START workspace_backup
[2026-03-27T21:00:01+01:00] Local workspace changes detected; committing + pushing
[2026-03-27T21:00:02+01:00] PUSHED: Daily auto-sync 2026-03-27
[2026-03-27T21:00:02+01:00] DONE
[2026-03-28T21:00:01+01:00] START workspace_backup
[2026-03-28T21:00:01+01:00] Local workspace changes detected; committing + pushing
[2026-03-28T21:00:02+01:00] PUSHED: Daily auto-sync 2026-03-28
[2026-03-28T21:00:02+01:00] DONE
[2026-03-29T21:00:01+02:00] START workspace_backup
[2026-03-29T21:00:01+02:00] Local workspace changes detected; committing + pushing
[2026-03-29T21:00:03+02:00] PUSHED: Daily auto-sync 2026-03-29
[2026-03-29T21:00:03+02:00] DONE
[2026-03-30T21:00:01+02:00] START workspace_backup
[2026-03-30T21:00:01+02:00] Local workspace changes detected; committing + pushing
[2026-03-30T21:00:03+02:00] PUSHED: Daily auto-sync 2026-03-30
[2026-03-30T21:00:03+02:00] DONE
[2026-03-31T21:00:01+02:00] START workspace_backup
[2026-03-31T21:00:01+02:00] Local workspace changes detected; committing + pushing
[2026-03-31T21:00:06+02:00] PUSHED: Daily auto-sync 2026-03-31
[2026-03-31T21:00:06+02:00] DONE
[2026-04-01T21:00:01+02:00] START workspace_backup
[2026-04-01T21:00:01+02:00] Local workspace changes detected; committing + pushing
[2026-04-01T21:00:03+02:00] PUSHED: Daily auto-sync 2026-04-01
[2026-04-01T21:00:03+02:00] DONE
[2026-04-02T21:00:01+02:00] START workspace_backup
[2026-04-02T21:00:01+02:00] Local workspace changes detected; committing + pushing
[2026-04-02T21:00:03+02:00] PUSHED: Daily auto-sync 2026-04-02
[2026-04-02T21:00:03+02:00] DONE
[2026-04-03T21:00:01+02:00] START workspace_backup
[2026-04-03T21:00:01+02:00] Local workspace changes detected; committing + pushing
[2026-04-03T21:00:04+02:00] PUSHED: Daily auto-sync 2026-04-03
[2026-04-03T21:00:04+02:00] DONE
[2026-04-04T21:00:01+02:00] START workspace_backup
[2026-04-04T21:00:01+02:00] Local workspace changes detected; committing + pushing
[2026-04-04T21:00:03+02:00] PUSHED: Daily auto-sync 2026-04-04
[2026-04-04T21:00:03+02:00] DONE
[2026-04-05T21:00:01+02:00] START workspace_backup
[2026-04-05T21:00:01+02:00] Local workspace changes detected; committing + pushing
[2026-04-05T21:00:03+02:00] PUSHED: Daily auto-sync 2026-04-05
[2026-04-05T21:00:03+02:00] DONE
[2026-04-06T21:00:01+02:00] START workspace_backup
[2026-04-06T21:00:01+02:00] Local workspace changes detected; committing + pushing
[2026-04-06T21:00:04+02:00] PUSHED: Daily auto-sync 2026-04-06
[2026-04-06T21:00:04+02:00] DONE
[2026-04-07T21:00:01+02:00] START workspace_backup
[2026-04-07T21:00:01+02:00] Local workspace changes detected; committing + pushing
[2026-04-07T21:00:03+02:00] PUSHED: Daily auto-sync 2026-04-07
[2026-04-07T21:00:03+02:00] DONE
[2026-04-08T21:00:01+02:00] START workspace_backup
[2026-04-08T21:00:01+02:00] Local workspace changes detected; committing + pushing
[2026-04-08T21:00:04+02:00] PUSHED: Daily auto-sync 2026-04-08
[2026-04-08T21:00:04+02:00] DONE
[2026-04-09T21:00:01+02:00] START workspace_backup
[2026-04-09T21:00:01+02:00] Local workspace changes detected; committing + pushing
warning: adding embedded git repository: shared_workspace
hint: You've added another git repository inside your current repository.
hint: Clones of the outer repository will not contain the contents of
hint: the embedded repository and will not know how to obtain it.
hint: If you meant to add a submodule, use:
hint: 
hint: 	git submodule add <url> shared_workspace
hint: 
hint: If you added this path by mistake, you can remove it from the
hint: index with:
hint: 
hint: 	git rm --cached shared_workspace
hint: 
hint: See "git help submodule" for more information.
[2026-04-09T21:00:03+02:00] PUSHED: Daily auto-sync 2026-04-09
[2026-04-09T21:00:03+02:00] DONE
[2026-04-10T21:00:01+02:00] START workspace_backup
[2026-04-10T21:00:01+02:00] Local workspace changes detected; committing + pushing
[2026-04-10T21:00:04+02:00] PUSHED: Daily auto-sync 2026-04-10
[2026-04-10T21:00:04+02:00] DONE
[2026-04-11T21:00:01+02:00] START workspace_backup
[2026-04-11T21:00:01+02:00] Local workspace changes detected; committing + pushing
[2026-04-11T21:00:03+02:00] PUSHED: Daily auto-sync 2026-04-11
[2026-04-11T21:00:03+02:00] DONE
[2026-04-12T21:00:01+02:00] START workspace_backup
[2026-04-12T21:00:01+02:00] Local workspace changes detected; committing + pushing
[2026-04-12T21:00:02+02:00] PUSHED: Daily auto-sync 2026-04-12
[2026-04-12T21:00:02+02:00] DONE
[2026-04-13T21:00:01+02:00] START workspace_backup
[2026-04-13T21:00:01+02:00] Local workspace changes detected; committing + pushing
[2026-04-13T21:00:04+02:00] PUSHED: Daily auto-sync 2026-04-13
[2026-04-13T21:00:04+02:00] DONE
[2026-04-14T21:00:01+02:00] START workspace_backup
[2026-04-14T21:00:01+02:00] Local workspace changes detected; committing + pushing
[2026-04-14T21:00:03+02:00] PUSHED: Daily auto-sync 2026-04-14
[2026-04-14T21:00:03+02:00] DONE
[2026-04-15T21:00:01+02:00] START workspace_backup
[2026-04-15T21:00:01+02:00] Local workspace changes detected; committing + pushing
[2026-04-15T21:00:03+02:00] PUSHED: Daily auto-sync 2026-04-15
[2026-04-15T21:00:03+02:00] DONE
[2026-04-16T21:00:01+02:00] START workspace_backup
[2026-04-16T21:00:01+02:00] Local workspace changes detected; committing + pushing
[2026-04-16T21:00:03+02:00] PUSHED: Daily auto-sync 2026-04-16
[2026-04-16T21:00:03+02:00] DONE
[2026-04-17T21:00:01+02:00] START workspace_backup
[2026-04-17T21:00:01+02:00] Local workspace changes detected; committing + pushing
[2026-04-17T21:00:04+02:00] PUSHED: Daily auto-sync 2026-04-17
[2026-04-17T21:00:04+02:00] DONE
[2026-04-18T21:00:01+02:00] START workspace_backup
[2026-04-18T21:00:01+02:00] Local workspace changes detected; committing + pushing
[2026-04-18T21:00:03+02:00] PUSHED: Daily auto-sync 2026-04-18
[2026-04-18T21:00:03+02:00] DONE
[2026-04-19T21:00:01+02:00] START workspace_backup
[2026-04-19T21:00:01+02:00] Local workspace changes detected; committing + pushing
[2026-04-19T21:00:03+02:00] PUSHED: Daily auto-sync 2026-04-19
[2026-04-19T21:00:03+02:00] DONE
[2026-04-20T21:00:01+02:00] START workspace_backup
[2026-04-20T21:00:01+02:00] Local workspace changes detected; committing + pushing
[2026-04-20T21:00:04+02:00] PUSHED: Daily auto-sync 2026-04-20
[2026-04-20T21:00:04+02:00] DONE
[2026-04-21T21:00:01+02:00] START workspace_backup
[2026-04-21T21:00:01+02:00] Local workspace changes detected; committing + pushing
[2026-04-21T21:00:03+02:00] PUSHED: Daily auto-sync 2026-04-21
[2026-04-21T21:00:03+02:00] DONE
[2026-04-22T21:00:01+02:00] START workspace_backup
[2026-04-22T21:00:01+02:00] Local workspace changes detected; committing + pushing
[2026-04-22T21:00:07+02:00] PUSHED: Daily auto-sync 2026-04-22
[2026-04-22T21:00:07+02:00] DONE
[2026-04-23T21:00:01+02:00] START workspace_backup
[2026-04-23T21:00:01+02:00] Local workspace changes detected; committing + pushing
[2026-04-23T21:00:07+02:00] PUSHED: Daily auto-sync 2026-04-23
[2026-04-23T21:00:07+02:00] DONE
[2026-04-24T21:00:01+02:00] START workspace_backup
[2026-04-24T21:00:01+02:00] Local workspace changes detected; committing + pushing
[2026-04-24T21:00:08+02:00] PUSHED: Daily auto-sync 2026-04-24
[2026-04-24T21:00:08+02:00] DONE
[2026-04-25T21:00:01+02:00] START workspace_backup
[2026-04-25T21:00:01+02:00] Local workspace changes detected; committing + pushing
[2026-04-25T21:00:03+02:00] PUSHED: Daily auto-sync 2026-04-25
[2026-04-25T21:00:03+02:00] DONE
[2026-04-26T21:00:02+02:00] START workspace_backup
[2026-04-26T21:00:02+02:00] Local workspace changes detected; committing + pushing
[2026-04-26T21:00:04+02:00] PUSHED: Daily auto-sync 2026-04-26
[2026-04-26T21:00:04+02:00] DONE
[2026-04-27T21:00:01+02:00] START workspace_backup
[2026-04-27T21:00:01+02:00] Local workspace changes detected; committing + pushing
[2026-04-27T21:00:07+02:00] PUSHED: Daily auto-sync 2026-04-27
[2026-04-27T21:00:07+02:00] DONE
[2026-04-28T21:00:01+02:00] START workspace_backup
[2026-04-28T21:00:01+02:00] Local workspace changes detected; committing + pushing
error: open("DREAMS.md.bak.20260428"): Permission denied
error: unable to index file 'DREAMS.md.bak.20260428'
fatal: adding files failed
[2026-04-29T21:00:01+02:00] START workspace_backup
[2026-04-29T21:00:01+02:00] Local workspace changes detected; committing + pushing
error: open("DREAMS.md.bak.20260428"): Permission denied
error: unable to index file 'DREAMS.md.bak.20260428'
fatal: adding files failed
[2026-04-30T21:00:01+02:00] START workspace_backup
[2026-04-30T21:00:01+02:00] Local workspace changes detected; committing + pushing
error: open("DREAMS.md.bak.20260428"): Permission denied
error: unable to index file 'DREAMS.md.bak.20260428'
fatal: adding files failed
[2026-05-01T21:00:01+02:00] START workspace_backup
[2026-05-01T21:00:01+02:00] Local workspace changes detected; committing + pushing
error: open("DREAMS.md.bak.20260428"): Permission denied
error: unable to index file 'DREAMS.md.bak.20260428'
fatal: adding files failed
[2026-05-02T21:00:01+02:00] START workspace_backup
[2026-05-02T21:00:01+02:00] Local workspace changes detected; committing + pushing
error: open("DREAMS.md.bak.20260428"): Permission denied
error: unable to index file 'DREAMS.md.bak.20260428'
fatal: adding files failed
[2026-05-03T21:00:01+02:00] START workspace_backup
[2026-05-03T21:00:01+02:00] Local workspace changes detected; committing + pushing
error: open("DREAMS.md.bak.20260428"): Permission denied
error: unable to index file 'DREAMS.md.bak.20260428'
fatal: adding files failed
