[2026-03-26T12:31:01+01:00] START shared_workspace
[2026-03-26T12:31:01+01:00] git fetch origin
[2026-03-26T12:31:03+01:00] No remote inbox changes
[2026-03-26T12:31:03+01:00] Local changes detected; committing + pushing
[2026-03-26T12:31:04+01:00] PUSHED: Sync(shared): 2026-03-26 12:31
[2026-03-26T12:31:04+01:00] DONE
[2026-03-26T18:05:01+01:00] START shared_workspace
[2026-03-26T18:05:01+01:00] git fetch origin
[2026-03-26T18:05:02+01:00] No remote inbox changes
[2026-03-26T18:05:02+01:00] Local changes detected; committing + pushing
[2026-03-26T18:05:04+01:00] PUSHED: Sync(shared): 2026-03-26 18:05
[2026-03-26T18:05:04+01:00] DONE
[2026-03-26T21:34:49+01:00] START shared_workspace
[2026-03-26T21:34:49+01:00] git fetch origin
[2026-03-26T21:34:50+01:00] No remote inbox changes
[2026-03-26T21:34:50+01:00] Local changes detected; committing + pushing
[2026-03-26T21:34:52+01:00] PUSHED: Sync(shared): 2026-03-26 21:34
[2026-03-26T21:34:52+01:00] DONE
[2026-03-27T18:05:01+01:00] START shared_workspace
[2026-03-27T18:05:01+01:00] git fetch origin
[2026-03-27T18:05:02+01:00] No remote inbox changes
[2026-03-27T18:05:02+01:00] Local changes detected; committing + pushing
[2026-03-27T18:05:04+01:00] PUSHED: Sync(shared): 2026-03-27 18:05
[2026-03-27T18:05:04+01:00] DONE
[2026-03-28T18:05:01+01:00] START shared_workspace
[2026-03-28T18:05:01+01:00] git fetch origin
[2026-03-28T18:05:03+01:00] No remote inbox changes
[2026-03-28T18:05:03+01:00] Local changes detected; committing + pushing
[2026-03-28T18:05:04+01:00] PUSHED: Sync(shared): 2026-03-28 18:05
[2026-03-28T18:05:04+01:00] DONE
[2026-03-29T18:05:01+02:00] START shared_workspace
[2026-03-29T18:05:01+02:00] git fetch origin
[2026-03-29T18:05:02+02:00] No remote inbox changes
[2026-03-29T18:05:02+02:00] Local changes detected; committing + pushing
[2026-03-29T18:05:04+02:00] PUSHED: Sync(shared): 2026-03-29 18:05
[2026-03-29T18:05:04+02:00] DONE
[2026-03-30T18:05:01+02:00] START shared_workspace
[2026-03-30T18:05:01+02:00] git fetch origin
[2026-03-30T18:05:02+02:00] No remote inbox changes
[2026-03-30T18:05:02+02:00] Local changes detected; committing + pushing
[2026-03-30T18:05:04+02:00] PUSHED: Sync(shared): 2026-03-30 18:05
[2026-03-30T18:05:04+02:00] DONE
[2026-03-31T18:05:01+02:00] START shared_workspace
[2026-03-31T18:05:01+02:00] git fetch origin
[2026-03-31T18:05:03+02:00] No remote inbox changes
[2026-03-31T18:05:03+02:00] Local changes detected; committing + pushing
[2026-03-31T18:05:05+02:00] PUSHED: Sync(shared): 2026-03-31 18:05
[2026-03-31T18:05:05+02:00] DONE
[2026-04-01T18:05:01+02:00] START shared_workspace
[2026-04-01T18:05:01+02:00] git fetch origin
[2026-04-01T18:05:02+02:00] No remote inbox changes
[2026-04-01T18:05:02+02:00] Local changes detected; committing + pushing
[2026-04-01T18:05:04+02:00] PUSHED: Sync(shared): 2026-04-01 18:05
[2026-04-01T18:05:04+02:00] DONE
[2026-04-02T18:05:01+02:00] START shared_workspace
[2026-04-02T18:05:01+02:00] git fetch origin
[2026-04-02T18:05:02+02:00] No remote inbox changes
[2026-04-02T18:05:02+02:00] Local changes detected; committing + pushing
[2026-04-02T18:05:05+02:00] PUSHED: Sync(shared): 2026-04-02 18:05
[2026-04-02T18:05:05+02:00] DONE
[2026-04-03T18:05:01+02:00] START shared_workspace
[2026-04-03T18:05:01+02:00] git fetch origin
[2026-04-03T18:05:02+02:00] No remote inbox changes
[2026-04-03T18:05:02+02:00] Local changes detected; committing + pushing
[2026-04-03T18:05:04+02:00] PUSHED: Sync(shared): 2026-04-03 18:05
[2026-04-03T18:05:04+02:00] DONE
[2026-04-04T18:05:01+02:00] START shared_workspace
[2026-04-04T18:05:01+02:00] git fetch origin
[2026-04-04T18:05:03+02:00] No remote inbox changes
[2026-04-04T18:05:03+02:00] Local changes detected; committing + pushing
[2026-04-04T18:05:04+02:00] PUSHED: Sync(shared): 2026-04-04 18:05
[2026-04-04T18:05:04+02:00] DONE
[2026-04-05T18:05:01+02:00] START shared_workspace
[2026-04-05T18:05:01+02:00] git fetch origin
[2026-04-05T18:05:03+02:00] No remote inbox changes
[2026-04-05T18:05:03+02:00] Local changes detected; committing + pushing
[2026-04-05T18:05:04+02:00] PUSHED: Sync(shared): 2026-04-05 18:05
[2026-04-05T18:05:04+02:00] DONE
[2026-04-06T18:05:01+02:00] START shared_workspace
[2026-04-06T18:05:01+02:00] git fetch origin
[2026-04-06T18:05:03+02:00] No remote inbox changes
[2026-04-06T18:05:03+02:00] Local changes detected; committing + pushing
