[2026-03-26T18:05:01+01:00] START shared_workspace
[2026-03-26T18:05:01+01:00] git fetch origin
[2026-03-26T18:05:02+01:00] No remote inbox changes
[2026-03-26T18:05:02+01:00] Local changes detected; committing + pushing
[2026-03-26T18:05:04+01:00] PUSHED: Sync(shared): 2026-03-26 18:05
[2026-03-26T18:05:04+01:00] DONE
[2026-03-26T21:34:49+01:00] START shared_workspace
[2026-03-26T21:34:49+01:00] git fetch origin
[2026-03-26T21:34:50+01:00] No remote inbox changes
[2026-03-26T21:34:50+01:00] Local changes detected; committing + pushing
[2026-03-26T21:34:52+01:00] PUSHED: Sync(shared): 2026-03-26 21:34
[2026-03-26T21:34:52+01:00] DONE
[2026-03-27T18:05:01+01:00] START shared_workspace
[2026-03-27T18:05:01+01:00] git fetch origin
[2026-03-27T18:05:02+01:00] No remote inbox changes
[2026-03-27T18:05:02+01:00] Local changes detected; committing + pushing
[2026-03-27T18:05:04+01:00] PUSHED: Sync(shared): 2026-03-27 18:05
[2026-03-27T18:05:04+01:00] DONE
[2026-03-28T18:05:01+01:00] START shared_workspace
[2026-03-28T18:05:01+01:00] git fetch origin
[2026-03-28T18:05:03+01:00] No remote inbox changes
[2026-03-28T18:05:03+01:00] Local changes detected; committing + pushing
[2026-03-28T18:05:04+01:00] PUSHED: Sync(shared): 2026-03-28 18:05
[2026-03-28T18:05:04+01:00] DONE
[2026-03-29T18:05:01+02:00] START shared_workspace
[2026-03-29T18:05:01+02:00] git fetch origin
[2026-03-29T18:05:02+02:00] No remote inbox changes
[2026-03-29T18:05:02+02:00] Local changes detected; committing + pushing
[2026-03-29T18:05:04+02:00] PUSHED: Sync(shared): 2026-03-29 18:05
[2026-03-29T18:05:04+02:00] DONE
[2026-03-30T18:05:01+02:00] START shared_workspace
[2026-03-30T18:05:01+02:00] git fetch origin
[2026-03-30T18:05:02+02:00] No remote inbox changes
[2026-03-30T18:05:02+02:00] Local changes detected; committing + pushing
[2026-03-30T18:05:04+02:00] PUSHED: Sync(shared): 2026-03-30 18:05
[2026-03-30T18:05:04+02:00] DONE
[2026-03-31T18:05:01+02:00] START shared_workspace
[2026-03-31T18:05:01+02:00] git fetch origin
[2026-03-31T18:05:03+02:00] No remote inbox changes
[2026-03-31T18:05:03+02:00] Local changes detected; committing + pushing
[2026-03-31T18:05:05+02:00] PUSHED: Sync(shared): 2026-03-31 18:05
[2026-03-31T18:05:05+02:00] DONE
[2026-04-01T18:05:01+02:00] START shared_workspace
[2026-04-01T18:05:01+02:00] git fetch origin
[2026-04-01T18:05:02+02:00] No remote inbox changes
[2026-04-01T18:05:02+02:00] Local changes detected; committing + pushing
[2026-04-01T18:05:04+02:00] PUSHED: Sync(shared): 2026-04-01 18:05
[2026-04-01T18:05:04+02:00] DONE
[2026-04-02T18:05:01+02:00] START shared_workspace
[2026-04-02T18:05:01+02:00] git fetch origin
[2026-04-02T18:05:02+02:00] No remote inbox changes
[2026-04-02T18:05:02+02:00] Local changes detected; committing + pushing
[2026-04-02T18:05:05+02:00] PUSHED: Sync(shared): 2026-04-02 18:05
[2026-04-02T18:05:05+02:00] DONE
[2026-04-03T18:05:01+02:00] START shared_workspace
[2026-04-03T18:05:01+02:00] git fetch origin
[2026-04-03T18:05:02+02:00] No remote inbox changes
[2026-04-03T18:05:02+02:00] Local changes detected; committing + pushing
[2026-04-03T18:05:04+02:00] PUSHED: Sync(shared): 2026-04-03 18:05
[2026-04-03T18:05:04+02:00] DONE
[2026-04-04T18:05:01+02:00] START shared_workspace
[2026-04-04T18:05:01+02:00] git fetch origin
[2026-04-04T18:05:03+02:00] No remote inbox changes
[2026-04-04T18:05:03+02:00] Local changes detected; committing + pushing
[2026-04-04T18:05:04+02:00] PUSHED: Sync(shared): 2026-04-04 18:05
[2026-04-04T18:05:04+02:00] DONE
[2026-04-05T18:05:01+02:00] START shared_workspace
[2026-04-05T18:05:01+02:00] git fetch origin
[2026-04-05T18:05:03+02:00] No remote inbox changes
[2026-04-05T18:05:03+02:00] Local changes detected; committing + pushing
[2026-04-05T18:05:04+02:00] PUSHED: Sync(shared): 2026-04-05 18:05
[2026-04-05T18:05:04+02:00] DONE
[2026-04-06T18:05:01+02:00] START shared_workspace
[2026-04-06T18:05:01+02:00] git fetch origin
[2026-04-06T18:05:03+02:00] No remote inbox changes
[2026-04-06T18:05:03+02:00] Local changes detected; committing + pushing
[2026-04-07T18:05:01+02:00] START shared_workspace
[2026-04-07T18:05:01+02:00] git fetch origin
[2026-04-07T18:05:02+02:00] No remote inbox changes
[2026-04-07T18:05:02+02:00] Local changes detected; committing + pushing
[2026-04-07T18:05:04+02:00] PUSHED: Sync(shared): 2026-04-07 18:05
[2026-04-07T18:05:04+02:00] DONE
[2026-04-08T18:05:01+02:00] START shared_workspace
[2026-04-08T18:05:01+02:00] git fetch origin
[2026-04-08T18:05:02+02:00] No remote inbox changes
[2026-04-08T18:05:02+02:00] Local changes detected; committing + pushing
[2026-04-08T18:05:04+02:00] PUSHED: Sync(shared): 2026-04-08 18:05
[2026-04-08T18:05:04+02:00] DONE
[2026-04-09T18:05:01+02:00] START shared_workspace
[2026-04-09T18:05:01+02:00] git fetch origin
[2026-04-09T18:05:02+02:00] No remote inbox changes
[2026-04-09T18:05:02+02:00] Local changes detected; committing + pushing
[2026-04-09T18:05:04+02:00] PUSHED: Sync(shared): 2026-04-09 18:05
[2026-04-09T18:05:04+02:00] DONE
[2026-04-10T18:05:01+02:00] START shared_workspace
[2026-04-10T18:05:01+02:00] git fetch origin
[2026-04-10T18:05:03+02:00] No remote inbox changes
[2026-04-10T18:05:03+02:00] Local changes detected; committing + pushing
[2026-04-10T18:05:05+02:00] PUSHED: Sync(shared): 2026-04-10 18:05
[2026-04-10T18:05:05+02:00] DONE
[2026-04-11T18:05:01+02:00] START shared_workspace
[2026-04-11T18:05:01+02:00] git fetch origin
[2026-04-11T18:05:02+02:00] No remote inbox changes
[2026-04-11T18:05:02+02:00] Local changes detected; committing + pushing
[2026-04-11T18:05:04+02:00] PUSHED: Sync(shared): 2026-04-11 18:05
[2026-04-11T18:05:04+02:00] DONE
[2026-04-12T18:05:01+02:00] START shared_workspace
[2026-04-12T18:05:01+02:00] git fetch origin
[2026-04-12T18:05:03+02:00] No remote inbox changes
[2026-04-12T18:05:03+02:00] Local changes detected; committing + pushing
[2026-04-12T18:05:04+02:00] PUSHED: Sync(shared): 2026-04-12 18:05
[2026-04-12T18:05:04+02:00] DONE
[2026-04-13T18:05:01+02:00] START shared_workspace
[2026-04-13T18:05:01+02:00] git fetch origin
[2026-04-13T18:05:03+02:00] No remote inbox changes
[2026-04-13T18:05:03+02:00] Local changes detected; committing + pushing
[2026-04-13T18:05:05+02:00] PUSHED: Sync(shared): 2026-04-13 18:05
[2026-04-13T18:05:05+02:00] DONE
[2026-04-14T18:05:01+02:00] START shared_workspace
[2026-04-14T18:05:01+02:00] git fetch origin
[2026-04-14T18:05:02+02:00] No remote inbox changes
[2026-04-14T18:05:02+02:00] Local changes detected; committing + pushing
[2026-04-14T18:05:04+02:00] PUSHED: Sync(shared): 2026-04-14 18:05
[2026-04-14T18:05:04+02:00] DONE
[2026-04-15T18:05:01+02:00] START shared_workspace
[2026-04-15T18:05:01+02:00] git fetch origin
[2026-04-15T18:05:03+02:00] No remote inbox changes
[2026-04-15T18:05:03+02:00] Local changes detected; committing + pushing
[2026-04-15T18:05:04+02:00] PUSHED: Sync(shared): 2026-04-15 18:05
[2026-04-15T18:05:04+02:00] DONE
[2026-04-16T18:05:01+02:00] START shared_workspace
[2026-04-16T18:05:01+02:00] git fetch origin
[2026-04-16T18:05:03+02:00] No remote inbox changes
[2026-04-16T18:05:03+02:00] Local changes detected; committing + pushing
[2026-04-16T18:05:05+02:00] PUSHED: Sync(shared): 2026-04-16 18:05
[2026-04-16T18:05:05+02:00] DONE
[2026-04-17T18:05:01+02:00] START shared_workspace
[2026-04-17T18:05:01+02:00] git fetch origin
[2026-04-17T18:05:02+02:00] No remote inbox changes
[2026-04-17T18:05:02+02:00] Local changes detected; committing + pushing
[2026-04-17T18:05:04+02:00] PUSHED: Sync(shared): 2026-04-17 18:05
[2026-04-17T18:05:04+02:00] DONE
[2026-04-18T18:05:01+02:00] START shared_workspace
[2026-04-18T18:05:01+02:00] git fetch origin
[2026-04-18T18:05:02+02:00] No remote inbox changes
[2026-04-18T18:05:02+02:00] Local changes detected; committing + pushing
[2026-04-18T18:05:04+02:00] PUSHED: Sync(shared): 2026-04-18 18:05
[2026-04-18T18:05:04+02:00] DONE
[2026-04-19T18:05:01+02:00] START shared_workspace
[2026-04-19T18:05:01+02:00] git fetch origin
[2026-04-19T18:05:02+02:00] No remote inbox changes
[2026-04-19T18:05:02+02:00] Local changes detected; committing + pushing
[2026-04-19T18:05:04+02:00] PUSHED: Sync(shared): 2026-04-19 18:05
[2026-04-19T18:05:04+02:00] DONE
[2026-04-20T18:05:02+02:00] START shared_workspace
[2026-04-20T18:05:02+02:00] git fetch origin
[2026-04-20T18:05:03+02:00] No remote inbox changes
[2026-04-20T18:05:03+02:00] Local changes detected; committing + pushing
[2026-04-20T18:05:05+02:00] PUSHED: Sync(shared): 2026-04-20 18:05
[2026-04-20T18:05:05+02:00] DONE
[2026-04-21T18:05:01+02:00] START shared_workspace
[2026-04-21T18:05:01+02:00] git fetch origin
[2026-04-21T18:05:03+02:00] No remote inbox changes
[2026-04-21T18:05:03+02:00] Local changes detected; committing + pushing
[2026-04-21T18:05:05+02:00] PUSHED: Sync(shared): 2026-04-21 18:05
[2026-04-21T18:05:05+02:00] DONE
[2026-04-22T18:05:01+02:00] START shared_workspace
[2026-04-22T18:05:01+02:00] git fetch origin
[2026-04-22T18:05:02+02:00] No remote inbox changes
[2026-04-22T18:05:02+02:00] Local changes detected; committing + pushing
[2026-04-22T18:05:04+02:00] PUSHED: Sync(shared): 2026-04-22 18:05
[2026-04-22T18:05:04+02:00] DONE
[2026-04-23T18:05:01+02:00] START shared_workspace
[2026-04-23T18:05:01+02:00] git fetch origin
[2026-04-23T18:05:02+02:00] No remote inbox changes
[2026-04-23T18:05:02+02:00] Local changes detected; committing + pushing
[2026-04-23T18:05:04+02:00] PUSHED: Sync(shared): 2026-04-23 18:05
[2026-04-23T18:05:04+02:00] DONE
[2026-04-24T18:05:01+02:00] START shared_workspace
[2026-04-24T18:05:01+02:00] git fetch origin
[2026-04-24T18:05:02+02:00] No remote inbox changes
[2026-04-24T18:05:02+02:00] Local changes detected; committing + pushing
[2026-04-24T18:05:04+02:00] PUSHED: Sync(shared): 2026-04-24 18:05
[2026-04-24T18:05:04+02:00] DONE
[2026-04-25T18:05:01+02:00] START shared_workspace
[2026-04-25T18:05:01+02:00] git fetch origin
[2026-04-25T18:05:02+02:00] No remote inbox changes
[2026-04-25T18:05:02+02:00] Local changes detected; committing + pushing
[2026-04-25T18:05:04+02:00] PUSHED: Sync(shared): 2026-04-25 18:05
[2026-04-25T18:05:04+02:00] DONE
[2026-04-26T18:05:01+02:00] START shared_workspace
[2026-04-26T18:05:01+02:00] git fetch origin
[2026-04-26T18:05:02+02:00] No remote inbox changes
[2026-04-26T18:05:02+02:00] Local changes detected; committing + pushing
[2026-04-26T18:05:04+02:00] PUSHED: Sync(shared): 2026-04-26 18:05
[2026-04-26T18:05:04+02:00] DONE
[2026-04-27T18:05:01+02:00] START shared_workspace
[2026-04-27T18:05:01+02:00] git fetch origin
[2026-04-27T18:05:02+02:00] No remote inbox changes
[2026-04-27T18:05:02+02:00] Local changes detected; committing + pushing
[2026-04-27T18:05:04+02:00] PUSHED: Sync(shared): 2026-04-27 18:05
[2026-04-27T18:05:04+02:00] DONE
[2026-04-28T18:05:01+02:00] START shared_workspace
[2026-04-28T18:05:01+02:00] git fetch origin
[2026-04-28T18:05:03+02:00] No remote inbox changes
[2026-04-28T18:05:03+02:00] Local changes detected; committing + pushing
[2026-04-28T18:05:05+02:00] PUSHED: Sync(shared): 2026-04-28 18:05
[2026-04-28T18:05:05+02:00] DONE
[2026-04-29T18:05:01+02:00] START shared_workspace
[2026-04-29T18:05:01+02:00] git fetch origin
[2026-04-29T18:05:03+02:00] No remote inbox changes
[2026-04-29T18:05:03+02:00] Local changes detected; committing + pushing
[2026-04-29T18:05:05+02:00] PUSHED: Sync(shared): 2026-04-29 18:05
[2026-04-29T18:05:05+02:00] DONE
[2026-04-30T18:05:01+02:00] START shared_workspace
[2026-04-30T18:05:01+02:00] git fetch origin
[2026-04-30T18:05:02+02:00] No remote inbox changes
[2026-04-30T18:05:02+02:00] Local changes detected; committing + pushing
[2026-04-30T18:05:05+02:00] PUSHED: Sync(shared): 2026-04-30 18:05
[2026-04-30T18:05:05+02:00] DONE
[2026-05-01T18:05:01+02:00] START shared_workspace
[2026-05-01T18:05:01+02:00] git fetch origin
[2026-05-01T18:05:02+02:00] No remote inbox changes
[2026-05-01T18:05:02+02:00] Local changes detected; committing + pushing
[2026-05-01T18:05:05+02:00] PUSHED: Sync(shared): 2026-05-01 18:05
[2026-05-01T18:05:05+02:00] DONE
[2026-05-02T18:05:01+02:00] START shared_workspace
[2026-05-02T18:05:01+02:00] git fetch origin
[2026-05-02T18:05:03+02:00] No remote inbox changes
[2026-05-02T18:05:03+02:00] Local changes detected; committing + pushing
[2026-05-02T18:05:05+02:00] PUSHED: Sync(shared): 2026-05-02 18:05
[2026-05-02T18:05:05+02:00] DONE
[2026-05-03T18:05:01+02:00] START shared_workspace
[2026-05-03T18:05:01+02:00] git fetch origin
[2026-05-03T18:05:02+02:00] No remote inbox changes
[2026-05-03T18:05:02+02:00] Local changes detected; committing + pushing
[2026-05-03T18:05:04+02:00] PUSHED: Sync(shared): 2026-05-03 18:05
[2026-05-03T18:05:04+02:00] DONE
[2026-05-04T18:05:01+02:00] START shared_workspace
[2026-05-04T18:05:01+02:00] git fetch origin
[2026-05-04T18:05:08+02:00] No remote inbox changes
[2026-05-04T18:05:08+02:00] Local changes detected; committing + pushing
remote: Internal Server Error        
remote: Request ID 7362c76f2dd84166a10c7ff8fadc1943        
remote: Time 2026-05-04T16:05:10Z
To github.com:leonioperator/shared_workspace.git
 ! [remote rejected] main -> main (Internal Server Error)
error: failed to push some refs to 'github.com:leonioperator/shared_workspace.git'
[2026-05-05T18:05:01+02:00] START shared_workspace
[2026-05-05T18:05:01+02:00] git fetch origin
[2026-05-05T18:05:02+02:00] No remote inbox changes
[2026-05-05T18:05:02+02:00] Local changes detected; committing + pushing
[2026-05-05T18:05:04+02:00] PUSHED: Sync(shared): 2026-05-05 18:05
[2026-05-05T18:05:04+02:00] DONE
[2026-05-06T18:05:01+02:00] START shared_workspace
[2026-05-06T18:05:01+02:00] git fetch origin
[2026-05-06T18:05:02+02:00] No remote inbox changes
[2026-05-06T18:05:02+02:00] Local changes detected; committing + pushing
[2026-05-06T18:05:04+02:00] PUSHED: Sync(shared): 2026-05-06 18:05
[2026-05-06T18:05:04+02:00] DONE
[2026-05-07T18:05:01+02:00] START shared_workspace
[2026-05-07T18:05:01+02:00] git fetch origin
[2026-05-07T18:05:03+02:00] No remote inbox changes
[2026-05-07T18:05:03+02:00] Local changes detected; committing + pushing
[2026-05-07T18:05:05+02:00] PUSHED: Sync(shared): 2026-05-07 18:05
[2026-05-07T18:05:05+02:00] DONE
[2026-05-08T18:05:01+02:00] START shared_workspace
[2026-05-08T18:05:01+02:00] git fetch origin
[2026-05-08T18:05:02+02:00] No remote inbox changes
[2026-05-08T18:05:02+02:00] Local changes detected; committing + pushing
[2026-05-08T18:05:04+02:00] PUSHED: Sync(shared): 2026-05-08 18:05
[2026-05-08T18:05:04+02:00] DONE
[2026-05-09T18:05:01+02:00] START shared_workspace
[2026-05-09T18:05:01+02:00] git fetch origin
[2026-05-09T18:05:02+02:00] No remote inbox changes
[2026-05-09T18:05:02+02:00] Local changes detected; committing + pushing
[2026-05-09T18:05:04+02:00] PUSHED: Sync(shared): 2026-05-09 18:05
[2026-05-09T18:05:04+02:00] DONE
[2026-05-10T18:05:01+02:00] START shared_workspace
[2026-05-10T18:05:01+02:00] git fetch origin
[2026-05-10T18:05:02+02:00] No remote inbox changes
[2026-05-10T18:05:02+02:00] Local changes detected; committing + pushing
[2026-05-10T18:05:04+02:00] PUSHED: Sync(shared): 2026-05-10 18:05
[2026-05-10T18:05:04+02:00] DONE
[2026-05-11T18:05:01+02:00] START shared_workspace
[2026-05-11T18:05:01+02:00] git fetch origin
[2026-05-11T18:05:03+02:00] No remote inbox changes
[2026-05-11T18:05:03+02:00] Local changes detected; committing + pushing
[2026-05-11T18:05:05+02:00] PUSHED: Sync(shared): 2026-05-11 18:05
[2026-05-11T18:05:05+02:00] DONE
[2026-05-12T18:05:01+02:00] START shared_workspace
[2026-05-12T18:05:01+02:00] git fetch origin
[2026-05-12T18:05:02+02:00] No remote inbox changes
[2026-05-12T18:05:02+02:00] Local changes detected; committing + pushing
[2026-05-12T18:05:04+02:00] PUSHED: Sync(shared): 2026-05-12 18:05
[2026-05-12T18:05:04+02:00] DONE
[2026-05-13T18:05:01+02:00] START shared_workspace
[2026-05-13T18:05:01+02:00] git fetch origin
[2026-05-13T18:05:02+02:00] No remote inbox changes
[2026-05-13T18:05:02+02:00] Local changes detected; committing + pushing
[2026-05-13T18:05:04+02:00] PUSHED: Sync(shared): 2026-05-13 18:05
[2026-05-13T18:05:04+02:00] DONE
[2026-05-14T18:05:01+02:00] START shared_workspace
[2026-05-14T18:05:01+02:00] git fetch origin
[2026-05-14T18:05:02+02:00] No remote inbox changes
[2026-05-14T18:05:02+02:00] Local changes detected; committing + pushing
[2026-05-14T18:05:04+02:00] PUSHED: Sync(shared): 2026-05-14 18:05
[2026-05-14T18:05:04+02:00] DONE
[2026-05-15T18:05:01+02:00] START shared_workspace
[2026-05-15T18:05:01+02:00] git fetch origin
[2026-05-15T18:05:03+02:00] No remote inbox changes
[2026-05-15T18:05:03+02:00] Local changes detected; committing + pushing
[2026-05-15T18:05:05+02:00] PUSHED: Sync(shared): 2026-05-15 18:05
[2026-05-15T18:05:05+02:00] DONE
[2026-05-16T18:05:01+02:00] START shared_workspace
[2026-05-16T18:05:01+02:00] git fetch origin
[2026-05-16T18:05:02+02:00] No remote inbox changes
[2026-05-16T18:05:02+02:00] Local changes detected; committing + pushing
[2026-05-16T18:05:04+02:00] PUSHED: Sync(shared): 2026-05-16 18:05
[2026-05-16T18:05:04+02:00] DONE
[2026-05-17T18:05:01+02:00] START shared_workspace
[2026-05-17T18:05:01+02:00] git fetch origin
[2026-05-17T18:05:02+02:00] No remote inbox changes
[2026-05-17T18:05:02+02:00] Local changes detected; committing + pushing
[2026-05-17T18:05:04+02:00] PUSHED: Sync(shared): 2026-05-17 18:05
[2026-05-17T18:05:04+02:00] DONE
[2026-05-18T18:05:01+02:00] START shared_workspace
[2026-05-18T18:05:01+02:00] git fetch origin
[2026-05-18T18:05:03+02:00] No remote inbox changes
[2026-05-18T18:05:03+02:00] Local changes detected; committing + pushing
[2026-05-18T18:05:05+02:00] PUSHED: Sync(shared): 2026-05-18 18:05
[2026-05-18T18:05:05+02:00] DONE
[2026-05-19T18:05:01+02:00] START shared_workspace
[2026-05-19T18:05:01+02:00] git fetch origin
[2026-05-19T18:05:03+02:00] No remote inbox changes
[2026-05-19T18:05:03+02:00] Local changes detected; committing + pushing
[2026-05-19T18:05:05+02:00] PUSHED: Sync(shared): 2026-05-19 18:05
[2026-05-19T18:05:05+02:00] DONE
[2026-05-20T18:05:01+02:00] START shared_workspace
[2026-05-20T18:05:01+02:00] git fetch origin
[2026-05-20T18:05:02+02:00] No remote inbox changes
[2026-05-20T18:05:02+02:00] Local changes detected; committing + pushing
[2026-05-20T18:05:04+02:00] PUSHED: Sync(shared): 2026-05-20 18:05
[2026-05-20T18:05:04+02:00] DONE
[2026-05-21T18:05:01+02:00] START shared_workspace
[2026-05-21T18:05:01+02:00] git fetch origin
[2026-05-21T18:05:03+02:00] No remote inbox changes
[2026-05-21T18:05:03+02:00] Local changes detected; committing + pushing
[2026-05-21T18:05:05+02:00] PUSHED: Sync(shared): 2026-05-21 18:05
[2026-05-21T18:05:05+02:00] DONE
[2026-05-22T18:05:01+02:00] START shared_workspace
[2026-05-22T18:05:01+02:00] git fetch origin
[2026-05-22T18:05:03+02:00] No remote inbox changes
[2026-05-22T18:05:03+02:00] Local changes detected; committing + pushing
[2026-05-22T18:05:05+02:00] PUSHED: Sync(shared): 2026-05-22 18:05
[2026-05-22T18:05:05+02:00] DONE
[2026-05-23T18:05:01+02:00] START shared_workspace
[2026-05-23T18:05:01+02:00] git fetch origin
[2026-05-23T18:05:03+02:00] No remote inbox changes
[2026-05-23T18:05:03+02:00] Local changes detected; committing + pushing
[2026-05-23T18:05:05+02:00] PUSHED: Sync(shared): 2026-05-23 18:05
[2026-05-23T18:05:05+02:00] DONE
[2026-05-24T18:05:01+02:00] START shared_workspace
[2026-05-24T18:05:01+02:00] git fetch origin
[2026-05-24T18:05:02+02:00] No remote inbox changes
[2026-05-24T18:05:02+02:00] Local changes detected; committing + pushing
[2026-05-24T18:05:04+02:00] PUSHED: Sync(shared): 2026-05-24 18:05
[2026-05-24T18:05:04+02:00] DONE
[2026-05-25T18:05:01+02:00] START shared_workspace
[2026-05-25T18:05:01+02:00] git fetch origin
[2026-05-25T18:05:02+02:00] No remote inbox changes
[2026-05-25T18:05:02+02:00] Local changes detected; committing + pushing
[2026-05-25T18:05:04+02:00] PUSHED: Sync(shared): 2026-05-25 18:05
[2026-05-25T18:05:04+02:00] DONE
[2026-05-26T18:05:01+02:00] START shared_workspace
[2026-05-26T18:05:01+02:00] git fetch origin
[2026-05-26T18:05:02+02:00] No remote inbox changes
[2026-05-26T18:05:02+02:00] Local changes detected; committing + pushing
[2026-05-26T18:05:04+02:00] PUSHED: Sync(shared): 2026-05-26 18:05
[2026-05-26T18:05:04+02:00] DONE
[2026-05-27T18:05:01+02:00] START shared_workspace
[2026-05-27T18:05:01+02:00] git fetch origin
[2026-05-27T18:05:03+02:00] No remote inbox changes
[2026-05-27T18:05:03+02:00] Local changes detected; committing + pushing
[2026-05-27T18:05:05+02:00] PUSHED: Sync(shared): 2026-05-27 18:05
[2026-05-27T18:05:05+02:00] DONE
[2026-05-28T18:05:01+02:00] START shared_workspace
[2026-05-28T18:05:01+02:00] git fetch origin
[2026-05-28T18:05:02+02:00] No remote inbox changes
[2026-05-28T18:05:02+02:00] Local changes detected; committing + pushing
[2026-05-28T18:05:05+02:00] PUSHED: Sync(shared): 2026-05-28 18:05
[2026-05-28T18:05:05+02:00] DONE
[2026-05-29T18:05:01+02:00] START shared_workspace
[2026-05-29T18:05:01+02:00] git fetch origin
[2026-05-29T18:05:03+02:00] No remote inbox changes
[2026-05-29T18:05:03+02:00] Local changes detected; committing + pushing
[2026-05-29T18:05:05+02:00] PUSHED: Sync(shared): 2026-05-29 18:05
[2026-05-29T18:05:05+02:00] DONE
[2026-05-30T18:05:01+02:00] START shared_workspace
[2026-05-30T18:05:01+02:00] git fetch origin
[2026-05-30T18:05:03+02:00] No remote inbox changes
[2026-05-30T18:05:03+02:00] Local changes detected; committing + pushing
[2026-05-30T18:05:05+02:00] PUSHED: Sync(shared): 2026-05-30 18:05
[2026-05-30T18:05:05+02:00] DONE
[2026-05-31T18:05:01+02:00] START shared_workspace
[2026-05-31T18:05:01+02:00] git fetch origin
[2026-05-31T18:05:02+02:00] No remote inbox changes
[2026-05-31T18:05:02+02:00] Local changes detected; committing + pushing
[2026-05-31T18:05:04+02:00] PUSHED: Sync(shared): 2026-05-31 18:05
[2026-05-31T18:05:04+02:00] DONE
[2026-06-01T18:05:01+02:00] START shared_workspace
[2026-06-01T18:05:01+02:00] git fetch origin
[2026-06-01T18:05:03+02:00] No remote inbox changes
[2026-06-01T18:05:03+02:00] Local changes detected; committing + pushing
[2026-06-01T18:05:05+02:00] PUSHED: Sync(shared): 2026-06-01 18:05
[2026-06-01T18:05:05+02:00] DONE
[2026-06-02T18:05:01+02:00] START shared_workspace
[2026-06-02T18:05:01+02:00] git fetch origin
[2026-06-02T18:05:02+02:00] No remote inbox changes
[2026-06-02T18:05:02+02:00] Local changes detected; committing + pushing
[2026-06-02T18:05:04+02:00] PUSHED: Sync(shared): 2026-06-02 18:05
[2026-06-02T18:05:04+02:00] DONE
[2026-06-03T18:05:01+02:00] START shared_workspace
[2026-06-03T18:05:01+02:00] git fetch origin
[2026-06-03T18:05:02+02:00] No remote inbox changes
[2026-06-03T18:05:02+02:00] Local changes detected; committing + pushing
[2026-06-03T18:05:05+02:00] PUSHED: Sync(shared): 2026-06-03 18:05
[2026-06-03T18:05:05+02:00] DONE
[2026-06-04T18:05:01+02:00] START shared_workspace
[2026-06-04T18:05:01+02:00] git fetch origin
[2026-06-04T18:05:02+02:00] No remote inbox changes
[2026-06-04T18:05:02+02:00] Local changes detected; committing + pushing
[2026-06-04T18:05:04+02:00] PUSHED: Sync(shared): 2026-06-04 18:05
[2026-06-04T18:05:04+02:00] DONE
[2026-06-05T18:05:01+02:00] START shared_workspace
[2026-06-05T18:05:01+02:00] git fetch origin
[2026-06-05T18:05:02+02:00] No remote inbox changes
[2026-06-05T18:05:02+02:00] Local changes detected; committing + pushing
[2026-06-05T18:05:04+02:00] PUSHED: Sync(shared): 2026-06-05 18:05
[2026-06-05T18:05:04+02:00] DONE
[2026-06-06T18:05:01+02:00] START shared_workspace
[2026-06-06T18:05:01+02:00] git fetch origin
[2026-06-06T18:05:02+02:00] No remote inbox changes
[2026-06-06T18:05:02+02:00] Local changes detected; committing + pushing
[2026-06-06T18:05:04+02:00] PUSHED: Sync(shared): 2026-06-06 18:05
[2026-06-06T18:05:04+02:00] DONE
[2026-06-07T18:05:01+02:00] START shared_workspace
[2026-06-07T18:05:01+02:00] git fetch origin
[2026-06-07T18:05:03+02:00] No remote inbox changes
[2026-06-07T18:05:03+02:00] Local changes detected; committing + pushing
[2026-06-07T18:05:04+02:00] PUSHED: Sync(shared): 2026-06-07 18:05
[2026-06-07T18:05:04+02:00] DONE
[2026-06-08T18:05:01+02:00] START shared_workspace
[2026-06-08T18:05:01+02:00] git fetch origin
[2026-06-08T18:05:02+02:00] No remote inbox changes
[2026-06-08T18:05:02+02:00] Local changes detected; committing + pushing
[2026-06-08T18:05:04+02:00] PUSHED: Sync(shared): 2026-06-08 18:05
[2026-06-08T18:05:04+02:00] DONE
[2026-06-09T18:05:01+02:00] START shared_workspace
[2026-06-09T18:05:01+02:00] git fetch origin
[2026-06-09T18:05:03+02:00] No remote inbox changes
[2026-06-09T18:05:03+02:00] Local changes detected; committing + pushing
[2026-06-09T18:05:05+02:00] PUSHED: Sync(shared): 2026-06-09 18:05
[2026-06-09T18:05:05+02:00] DONE
[2026-06-10T18:05:01+02:00] START shared_workspace
[2026-06-10T18:05:01+02:00] git fetch origin
[2026-06-10T18:05:03+02:00] No remote inbox changes
[2026-06-10T18:05:03+02:00] Local changes detected; committing + pushing
[2026-06-10T18:05:05+02:00] PUSHED: Sync(shared): 2026-06-10 18:05
[2026-06-10T18:05:05+02:00] DONE
[2026-06-11T18:05:01+02:00] START shared_workspace
[2026-06-11T18:05:01+02:00] git fetch origin
[2026-06-11T18:05:03+02:00] No remote inbox changes
[2026-06-11T18:05:03+02:00] Local changes detected; committing + pushing
[2026-06-11T18:05:05+02:00] PUSHED: Sync(shared): 2026-06-11 18:05
[2026-06-11T18:05:05+02:00] DONE
[2026-06-12T18:05:01+02:00] START shared_workspace
[2026-06-12T18:05:01+02:00] git fetch origin
[2026-06-12T18:05:02+02:00] No remote inbox changes
[2026-06-12T18:05:02+02:00] Local changes detected; committing + pushing
[2026-06-12T18:05:04+02:00] PUSHED: Sync(shared): 2026-06-12 18:05
[2026-06-12T18:05:04+02:00] DONE
[2026-06-13T18:05:01+02:00] START shared_workspace
[2026-06-13T18:05:01+02:00] git fetch origin
[2026-06-13T18:05:02+02:00] No remote inbox changes
[2026-06-13T18:05:02+02:00] Local changes detected; committing + pushing
[2026-06-13T18:05:04+02:00] PUSHED: Sync(shared): 2026-06-13 18:05
[2026-06-13T18:05:04+02:00] DONE
[2026-06-14T18:05:01+02:00] START shared_workspace
[2026-06-14T18:05:01+02:00] git fetch origin
[2026-06-14T18:05:02+02:00] No remote inbox changes
[2026-06-14T18:05:02+02:00] Local changes detected; committing + pushing
